# Logfile created on 2014-03-22 10:57:37 +0900 by logger.rb/44203
I, [2014-03-22T10:57:37.553334 #44876]  INFO -- : 0:  rake (10.1.1) from /Users/KanechikaAyumu/.rvm/gems/ruby-2.1.0/specifications/rake-10.1.1.gemspec
I, [2014-03-22T10:57:37.554196 #44876]  INFO -- : 0:  safe_yaml (1.0.1) from /Users/KanechikaAyumu/.rvm/gems/ruby-2.1.0/specifications/safe_yaml-1.0.1.gemspec
I, [2014-03-22T10:57:37.554582 #44876]  INFO -- : 0:  crack (0.4.2) from /Users/KanechikaAyumu/.rvm/gems/ruby-2.1.0/specifications/crack-0.4.2.gemspec
I, [2014-03-22T10:57:37.554984 #44876]  INFO -- : 0:  libxml-ruby (2.7.0) from /Users/KanechikaAyumu/.rvm/gems/ruby-2.1.0/specifications/libxml-ruby-2.7.0.gemspec
I, [2014-03-22T10:57:37.555408 #44876]  INFO -- : 0:  net-ssh (2.8.0) from /Users/KanechikaAyumu/.rvm/gems/ruby-2.1.0/specifications/net-ssh-2.8.0.gemspec
I, [2014-03-22T10:57:37.555810 #44876]  INFO -- : 0:  net-sftp (2.1.2) from /Users/KanechikaAyumu/.rvm/gems/ruby-2.1.0/specifications/net-sftp-2.1.2.gemspec
I, [2014-03-22T10:57:37.556223 #44876]  INFO -- : 0:  xml-mapping (0.9.1) from /Users/KanechikaAyumu/.rvm/gems/ruby-2.1.0/specifications/xml-mapping-0.9.1.gemspec
I, [2014-03-22T10:57:37.556590 #44876]  INFO -- : 0:  xml-object (0.9.93) from /Users/KanechikaAyumu/.rvm/gems/ruby-2.1.0/specifications/xml-object-0.9.93.gemspec
I, [2014-03-22T10:57:37.556979 #44876]  INFO -- : 0:  LitleOnline (8.19.0) from /Users/KanechikaAyumu/.rvm/gems/ruby-2.1.0/specifications/LitleOnline-8.19.0.gemspec
I, [2014-03-22T10:57:38.665012 #44876]  INFO -- : 0:  i18n (0.6.8) from /Users/KanechikaAyumu/.rvm/gems/ruby-2.1.0/specifications/i18n-0.6.8.gemspec
I, [2014-03-22T10:57:39.617777 #44876]  INFO -- : 0:  multi_json (1.9.2) from /Users/KanechikaAyumu/.rvm/gems/ruby-2.1.0/specifications/multi_json-1.9.2.gemspec
I, [2014-03-22T10:57:39.618227 #44876]  INFO -- : 0:  activesupport (3.2.17) from /Users/KanechikaAyumu/.rvm/gems/ruby-2.1.0/specifications/activesupport-3.2.17.gemspec
I, [2014-03-22T10:57:39.618702 #44876]  INFO -- : 0:  builder (3.0.4) from /Users/KanechikaAyumu/.rvm/gems/ruby-2.1.0/specifications/builder-3.0.4.gemspec
I, [2014-03-22T10:57:39.619143 #44876]  INFO -- : 0:  activemodel (3.2.17) from /Users/KanechikaAyumu/.rvm/gems/ruby-2.1.0/specifications/activemodel-3.2.17.gemspec
I, [2014-03-22T10:57:39.619564 #44876]  INFO -- : 0:  erubis (2.7.0) from /Users/KanechikaAyumu/.rvm/gems/ruby-2.1.0/specifications/erubis-2.7.0.gemspec
I, [2014-03-22T10:57:39.620155 #44876]  INFO -- : 0:  journey (1.0.4) from /Users/KanechikaAyumu/.rvm/gems/ruby-2.1.0/specifications/journey-1.0.4.gemspec
I, [2014-03-22T10:57:39.620596 #44876]  INFO -- : 0:  rack (1.4.5) from /Users/KanechikaAyumu/.rvm/gems/ruby-2.1.0/specifications/rack-1.4.5.gemspec
I, [2014-03-22T10:57:39.621091 #44876]  INFO -- : 0:  rack-cache (1.2) from /Users/KanechikaAyumu/.rvm/gems/ruby-2.1.0/specifications/rack-cache-1.2.gemspec
I, [2014-03-22T10:57:39.621596 #44876]  INFO -- : 0:  rack-test (0.6.2) from /Users/KanechikaAyumu/.rvm/gems/ruby-2.1.0/specifications/rack-test-0.6.2.gemspec
I, [2014-03-22T10:57:39.622016 #44876]  INFO -- : 0:  hike (1.2.3) from /Users/KanechikaAyumu/.rvm/gems/ruby-2.1.0/specifications/hike-1.2.3.gemspec
I, [2014-03-22T10:57:39.622564 #44876]  INFO -- : 0:  tilt (1.4.1) from /Users/KanechikaAyumu/.rvm/gems/ruby-2.1.0/specifications/tilt-1.4.1.gemspec
I, [2014-03-22T10:57:39.623015 #44876]  INFO -- : 0:  sprockets (2.2.2) from /Users/KanechikaAyumu/.rvm/gems/ruby-2.1.0/specifications/sprockets-2.2.2.gemspec
I, [2014-03-22T10:57:39.623450 #44876]  INFO -- : 0:  actionpack (3.2.17) from /Users/KanechikaAyumu/.rvm/gems/ruby-2.1.0/specifications/actionpack-3.2.17.gemspec
I, [2014-03-22T10:57:39.623997 #44876]  INFO -- : 0:  mime-types (1.25.1) from /Users/KanechikaAyumu/.rvm/gems/ruby-2.1.0/specifications/mime-types-1.25.1.gemspec
I, [2014-03-22T10:57:39.624436 #44876]  INFO -- : 0:  polyglot (0.3.4) from /Users/KanechikaAyumu/.rvm/gems/ruby-2.1.0/specifications/polyglot-0.3.4.gemspec
I, [2014-03-22T10:57:39.624861 #44876]  INFO -- : 0:  treetop (1.4.15) from /Users/KanechikaAyumu/.rvm/gems/ruby-2.1.0/specifications/treetop-1.4.15.gemspec
I, [2014-03-22T10:57:39.625427 #44876]  INFO -- : 0:  mail (2.5.4) from /Users/KanechikaAyumu/.rvm/gems/ruby-2.1.0/specifications/mail-2.5.4.gemspec
I, [2014-03-22T10:57:39.625829 #44876]  INFO -- : 0:  actionmailer (3.2.17) from /Users/KanechikaAyumu/.rvm/gems/ruby-2.1.0/specifications/actionmailer-3.2.17.gemspec
I, [2014-03-22T10:57:39.626231 #44876]  INFO -- : 0:  active_utils (2.0.2) from /Users/KanechikaAyumu/.rvm/gems/ruby-2.1.0/specifications/active_utils-2.0.2.gemspec
I, [2014-03-22T10:57:39.626644 #44876]  INFO -- : 0:  json (1.8.1) from /Users/KanechikaAyumu/.rvm/rubies/ruby-2.1.0/lib/ruby/gems/2.1.0/specifications/default/json-1.8.1.gemspec
I, [2014-03-22T10:57:39.627091 #44876]  INFO -- : 0:  money (5.0.0) from /Users/KanechikaAyumu/.rvm/gems/ruby-2.1.0/specifications/money-5.0.0.gemspec
I, [2014-03-22T10:57:39.627527 #44876]  INFO -- : 0:  mini_portile (0.5.2) from /Users/KanechikaAyumu/.rvm/gems/ruby-2.1.0/specifications/mini_portile-0.5.2.gemspec
I, [2014-03-22T10:57:39.627908 #44876]  INFO -- : 0:  nokogiri (1.6.1) from /Users/KanechikaAyumu/.rvm/gems/ruby-2.1.0/specifications/nokogiri-1.6.1.gemspec
I, [2014-03-22T10:57:40.779939 #44876]  INFO -- : 0:  activemerchant (1.42.5) from /Users/KanechikaAyumu/dev/kinkin1009/active_merchant/activemerchant.gemspec
I, [2014-03-22T10:57:40.780464 #44876]  INFO -- : 0:  arel (3.0.3) from /Users/KanechikaAyumu/.rvm/gems/ruby-2.1.0/specifications/arel-3.0.3.gemspec
I, [2014-03-22T10:57:40.780886 #44876]  INFO -- : 0:  tzinfo (0.3.39) from /Users/KanechikaAyumu/.rvm/gems/ruby-2.1.0/specifications/tzinfo-0.3.39.gemspec
I, [2014-03-22T10:57:40.781292 #44876]  INFO -- : 0:  activerecord (3.2.17) from /Users/KanechikaAyumu/.rvm/gems/ruby-2.1.0/specifications/activerecord-3.2.17.gemspec
I, [2014-03-22T10:57:40.781638 #44876]  INFO -- : 0:  activeresource (3.2.17) from /Users/KanechikaAyumu/.rvm/gems/ruby-2.1.0/specifications/activeresource-3.2.17.gemspec
I, [2014-03-22T10:57:40.781987 #44876]  INFO -- : 0:  addressable (2.3.5) from /Users/KanechikaAyumu/.rvm/gems/ruby-2.1.0/specifications/addressable-2.3.5.gemspec
I, [2014-03-22T10:57:40.782322 #44876]  INFO -- : 0:  braintree (2.29.0) from /Users/KanechikaAyumu/.rvm/gems/ruby-2.1.0/specifications/braintree-2.29.0.gemspec
I, [2014-03-22T10:57:40.782654 #44876]  INFO -- : 0:  bundler (1.5.1) from /Users/KanechikaAyumu/.rvm/gems/ruby-2.1.0@global/specifications/bundler-1.5.1.gemspec
I, [2014-03-22T10:57:40.782994 #44876]  INFO -- : 0:  daemons (1.0.10) from /Users/KanechikaAyumu/.rvm/gems/ruby-2.1.0/specifications/daemons-1.0.10.gemspec
I, [2014-03-22T10:57:40.783369 #44876]  INFO -- : 0:  unf_ext (0.0.6) from /Users/KanechikaAyumu/.rvm/gems/ruby-2.1.0/specifications/unf_ext-0.0.6.gemspec
I, [2014-03-22T10:57:40.783704 #44876]  INFO -- : 0:  unf (0.1.3) from /Users/KanechikaAyumu/.rvm/gems/ruby-2.1.0/specifications/unf-0.1.3.gemspec
I, [2014-03-22T10:57:42.012453 #44876]  INFO -- : 0:  domain_name (0.5.17) from /Users/KanechikaAyumu/.rvm/gems/ruby-2.1.0/specifications/domain_name-0.5.17.gemspec
I, [2014-03-22T10:57:42.012881 #44876]  INFO -- : 0:  gem_plugin (0.2.3) from /Users/KanechikaAyumu/.rvm/gems/ruby-2.1.0/specifications/gem_plugin-0.2.3.gemspec
I, [2014-03-22T10:57:42.013204 #44876]  INFO -- : 0:  http-cookie (1.0.2) from /Users/KanechikaAyumu/.rvm/gems/ruby-2.1.0/specifications/http-cookie-1.0.2.gemspec
I, [2014-03-22T10:57:42.013544 #44876]  INFO -- : 0:  launchy (2.4.2) from /Users/KanechikaAyumu/.rvm/gems/ruby-2.1.0/specifications/launchy-2.4.2.gemspec
I, [2014-03-22T10:57:42.013838 #44876]  INFO -- : 0:  net-http-digest_auth (1.4) from /Users/KanechikaAyumu/.rvm/gems/ruby-2.1.0/specifications/net-http-digest_auth-1.4.gemspec
I, [2014-03-22T10:57:42.014112 #44876]  INFO -- : 0:  net-http-persistent (2.9.4) from /Users/KanechikaAyumu/.rvm/gems/ruby-2.1.0/specifications/net-http-persistent-2.9.4.gemspec
I, [2014-03-22T10:57:42.014375 #44876]  INFO -- : 0:  ntlm-http (0.1.1) from /Users/KanechikaAyumu/.rvm/gems/ruby-2.1.0/specifications/ntlm-http-0.1.1.gemspec
I, [2014-03-22T10:57:42.014669 #44876]  INFO -- : 0:  webrobots (0.1.1) from /Users/KanechikaAyumu/.rvm/gems/ruby-2.1.0/specifications/webrobots-0.1.1.gemspec
I, [2014-03-22T10:57:42.014930 #44876]  INFO -- : 0:  mechanize (2.7.2) from /Users/KanechikaAyumu/.rvm/gems/ruby-2.1.0/specifications/mechanize-2.7.2.gemspec
I, [2014-03-22T10:57:42.015207 #44876]  INFO -- : 0:  metaclass (0.0.4) from /Users/KanechikaAyumu/.rvm/gems/ruby-2.1.0/specifications/metaclass-0.0.4.gemspec
I, [2014-03-22T10:57:42.015468 #44876]  INFO -- : 0:  mocha (0.13.3) from /Users/KanechikaAyumu/.rvm/gems/ruby-2.1.0/specifications/mocha-0.13.3.gemspec
I, [2014-03-22T10:57:42.015720 #44876]  INFO -- : 0:  mongrel (1.2.0.pre2) from /Users/KanechikaAyumu/.rvm/gems/ruby-2.1.0/specifications/mongrel-1.2.0.pre2.gemspec
I, [2014-03-22T10:57:42.015987 #44876]  INFO -- : 0:  rack-ssl (1.3.3) from /Users/KanechikaAyumu/.rvm/gems/ruby-2.1.0/specifications/rack-ssl-1.3.3.gemspec
I, [2014-03-22T10:57:42.016247 #44876]  INFO -- : 0:  rdoc (3.12.2) from /Users/KanechikaAyumu/.rvm/gems/ruby-2.1.0/specifications/rdoc-3.12.2.gemspec
I, [2014-03-22T10:57:42.016527 #44876]  INFO -- : 0:  thor (0.18.1) from /Users/KanechikaAyumu/.rvm/gems/ruby-2.1.0/specifications/thor-0.18.1.gemspec
I, [2014-03-22T10:57:42.016780 #44876]  INFO -- : 0:  railties (3.2.17) from /Users/KanechikaAyumu/.rvm/gems/ruby-2.1.0/specifications/railties-3.2.17.gemspec
I, [2014-03-22T10:57:42.017060 #44876]  INFO -- : 0:  rails (3.2.17) from /Users/KanechikaAyumu/.rvm/gems/ruby-2.1.0/specifications/rails-3.2.17.gemspec
I, [2014-03-22T10:57:42.017336 #44876]  INFO -- : 0:  samurai (0.4.0) from /Users/KanechikaAyumu/.rvm/gems/ruby-2.1.0/specifications/samurai-0.4.0.gemspec
I, [2014-03-22T10:57:42.118265 #44876]  INFO -- : 0:  vindicia-api (0.0.2) from /Users/KanechikaAyumu/.rvm/gems/ruby-2.1.0/bundler/gems/vindicia-api-4e78744c79cb/vindicia-api.gemspec
